2026-05-07 00:54:01,115 - RagService - INFO - file_handler.py:59 - [FileScan] 扫描完成，找到有效文件：11 个
2026-05-07 00:54:01,116 - RagService - INFO - file_handler.py:82 - [FileLoad] 加载成功: 准入基本条件.md (共 1 页/段)
2026-05-07 00:54:01,116 - RagService - INFO - file_handler.py:82 - [FileLoad] 加载成功: 申请材料要求.md (共 1 页/段)
2026-05-07 00:54:01,118 - RagService - INFO - file_handler.py:82 - [FileLoad] 加载成功: 禁止准入名单.md (共 1 页/段)
2026-05-07 00:54:01,118 - RagService - INFO - file_handler.py:82 - [FileLoad] 加载成功: 授信额度规则.md (共 1 页/段)
2026-05-07 00:54:01,119 - RagService - INFO - file_handler.py:82 - [FileLoad] 加载成功: 利率费率规则.md (共 1 页/段)
2026-05-07 00:54:01,120 - RagService - INFO - file_handler.py:82 - [FileLoad] 加载成功: 逾期分级定义.md (共 1 页/段)
2026-05-07 00:54:01,120 - RagService - INFO - file_handler.py:82 - [FileLoad] 加载成功: 催收管理规则.md (共 1 页/段)
2026-05-07 00:54:01,121 - RagService - INFO - file_handler.py:82 - [FileLoad] 加载成功: 罚息与减免政策.md (共 1 页/段)
2026-05-07 00:54:01,121 - RagService - INFO - file_handler.py:82 - [FileLoad] 加载成功: 风控准入规则.md (共 1 页/段)
2026-05-07 00:54:01,122 - RagService - INFO - file_handler.py:82 - [FileLoad] 加载成功: 反欺诈规则.md (共 1 页/段)
2026-05-07 00:54:01,122 - RagService - INFO - file_handler.py:82 - [FileLoad] 加载成功: 合规监管规则.md (共 1 页/段)
2026-05-07 00:54:01,123 - RagService - INFO - file_handler.py:120 - [ExactDedup] 精确去重完成：11 -> 11
2026-05-07 00:57:53,498 - RagService - INFO - file_handler.py:59 - [FileScan] 扫描完成，找到有效文件：11 个
2026-05-07 00:57:53,498 - RagService - INFO - file_handler.py:82 - [FileLoad] 加载成功: 准入基本条件.md (共 1 页/段)
2026-05-07 00:57:53,498 - RagService - INFO - file_handler.py:82 - [FileLoad] 加载成功: 申请材料要求.md (共 1 页/段)
2026-05-07 00:57:53,499 - RagService - INFO - file_handler.py:82 - [FileLoad] 加载成功: 禁止准入名单.md (共 1 页/段)
2026-05-07 00:57:53,499 - RagService - INFO - file_handler.py:82 - [FileLoad] 加载成功: 授信额度规则.md (共 1 页/段)
2026-05-07 00:57:53,499 - RagService - INFO - file_handler.py:82 - [FileLoad] 加载成功: 利率费率规则.md (共 1 页/段)
2026-05-07 00:57:53,500 - RagService - INFO - file_handler.py:82 - [FileLoad] 加载成功: 逾期分级定义.md (共 1 页/段)
2026-05-07 00:57:53,500 - RagService - INFO - file_handler.py:82 - [FileLoad] 加载成功: 催收管理规则.md (共 1 页/段)
2026-05-07 00:57:53,500 - RagService - INFO - file_handler.py:82 - [FileLoad] 加载成功: 罚息与减免政策.md (共 1 页/段)
2026-05-07 00:57:53,500 - RagService - INFO - file_handler.py:82 - [FileLoad] 加载成功: 风控准入规则.md (共 1 页/段)
2026-05-07 00:57:53,500 - RagService - INFO - file_handler.py:82 - [FileLoad] 加载成功: 反欺诈规则.md (共 1 页/段)
2026-05-07 00:57:53,500 - RagService - INFO - file_handler.py:82 - [FileLoad] 加载成功: 合规监管规则.md (共 1 页/段)
2026-05-07 00:57:53,502 - RagService - INFO - file_handler.py:120 - [ExactDedup] 精确去重完成：11 -> 11
2026-05-07 00:57:54,093 - RagService - INFO - file_handler.py:153 - [SemanticDedup] 开始语义去重，阈值=0.92 (Cosine Similarity)
2026-05-07 00:58:09,980 - RagService - INFO - file_handler.py:188 - [SemanticDedup] 语义去重完成！保留 11 / 11 个
2026-05-07 12:10:10,295 - RagService - INFO - file_handler.py:59 - [FileScan] 扫描完成，找到有效文件：11 个
2026-05-07 12:10:10,297 - RagService - INFO - file_handler.py:87 - [FileLoad] 加载成功: 准入基本条件.md (共 1 页/段)
2026-05-07 12:10:10,297 - RagService - INFO - file_handler.py:87 - [FileLoad] 加载成功: 申请材料要求.md (共 1 页/段)
2026-05-07 12:10:10,297 - RagService - INFO - file_handler.py:87 - [FileLoad] 加载成功: 禁止准入名单.md (共 1 页/段)
2026-05-07 12:10:10,298 - RagService - INFO - file_handler.py:87 - [FileLoad] 加载成功: 授信额度规则.md (共 1 页/段)
2026-05-07 12:10:10,299 - RagService - INFO - file_handler.py:87 - [FileLoad] 加载成功: 利率费率规则.md (共 1 页/段)
2026-05-07 12:10:10,299 - RagService - INFO - file_handler.py:87 - [FileLoad] 加载成功: 逾期分级定义.md (共 1 页/段)
2026-05-07 12:10:10,299 - RagService - INFO - file_handler.py:87 - [FileLoad] 加载成功: 催收管理规则.md (共 1 页/段)
2026-05-07 12:10:10,301 - RagService - INFO - file_handler.py:87 - [FileLoad] 加载成功: 罚息与减免政策.md (共 1 页/段)
2026-05-07 12:10:10,302 - RagService - INFO - file_handler.py:87 - [FileLoad] 加载成功: 风控准入规则.md (共 1 页/段)
2026-05-07 12:10:10,303 - RagService - INFO - file_handler.py:87 - [FileLoad] 加载成功: 反欺诈规则.md (共 1 页/段)
2026-05-07 12:10:10,303 - RagService - INFO - file_handler.py:87 - [FileLoad] 加载成功: 合规监管规则.md (共 1 页/段)
2026-05-07 12:10:10,304 - RagService - INFO - file_handler.py:125 - [ExactDedup] 精确去重完成：11 -> 11
2026-05-07 12:10:10,928 - RagService - INFO - file_handler.py:158 - [SemanticDedup] 开始语义去重，阈值=0.92 (Cosine Similarity)
2026-05-07 12:10:28,040 - RagService - INFO - file_handler.py:193 - [SemanticDedup] 语义去重完成！保留 11 / 11 个
2026-05-07 16:52:05,383 - RagService - INFO - file_handler.py:59 - [FileScan] 扫描完成，找到有效文件：12 个
2026-05-07 16:52:05,384 - RagService - INFO - file_handler.py:87 - [FileLoad] 加载成功: 准入基本条件.md (共 1 页/段)
2026-05-07 16:52:05,384 - RagService - INFO - file_handler.py:87 - [FileLoad] 加载成功: 申请材料要求.md (共 1 页/段)
2026-05-07 16:52:05,385 - RagService - INFO - file_handler.py:87 - [FileLoad] 加载成功: 禁止准入名单.md (共 1 页/段)
2026-05-07 16:52:05,386 - RagService - INFO - file_handler.py:87 - [FileLoad] 加载成功: 授信额度规则.md (共 1 页/段)
2026-05-07 16:52:05,386 - RagService - INFO - file_handler.py:87 - [FileLoad] 加载成功: 利率费率规则.md (共 1 页/段)
2026-05-07 16:52:05,386 - RagService - INFO - file_handler.py:87 - [FileLoad] 加载成功: 授信额度规则2.md (共 1 页/段)
2026-05-07 16:52:05,387 - RagService - INFO - file_handler.py:87 - [FileLoad] 加载成功: 逾期分级定义.md (共 1 页/段)
2026-05-07 16:52:05,388 - RagService - INFO - file_handler.py:87 - [FileLoad] 加载成功: 催收管理规则.md (共 1 页/段)
2026-05-07 16:52:05,389 - RagService - INFO - file_handler.py:87 - [FileLoad] 加载成功: 罚息与减免政策.md (共 1 页/段)
2026-05-07 16:52:05,390 - RagService - INFO - file_handler.py:87 - [FileLoad] 加载成功: 风控准入规则.md (共 1 页/段)
2026-05-07 16:52:05,391 - RagService - INFO - file_handler.py:87 - [FileLoad] 加载成功: 反欺诈规则.md (共 1 页/段)
2026-05-07 16:52:05,392 - RagService - INFO - file_handler.py:87 - [FileLoad] 加载成功: 合规监管规则.md (共 1 页/段)
2026-05-07 16:52:05,392 - RagService - INFO - file_handler.py:125 - [ExactDedup] 精确去重完成：12 -> 11
2026-05-07 16:52:06,041 - RagService - INFO - file_handler.py:158 - [SemanticDedup] 开始语义去重，阈值=0.92 (Cosine Similarity)
2026-05-07 16:52:21,638 - RagService - INFO - file_handler.py:193 - [SemanticDedup] 语义去重完成！保留 11 / 11 个
2026-05-07 16:53:20,331 - RagService - INFO - file_handler.py:59 - [FileScan] 扫描完成，找到有效文件：12 个
2026-05-07 16:53:20,331 - RagService - INFO - file_handler.py:87 - [FileLoad] 加载成功: 准入基本条件.md (共 1 页/段)
2026-05-07 16:53:20,333 - RagService - INFO - file_handler.py:87 - [FileLoad] 加载成功: 申请材料要求.md (共 1 页/段)
2026-05-07 16:53:20,333 - RagService - INFO - file_handler.py:87 - [FileLoad] 加载成功: 禁止准入名单.md (共 1 页/段)
2026-05-07 16:53:20,333 - RagService - INFO - file_handler.py:87 - [FileLoad] 加载成功: 授信额度规则.md (共 1 页/段)
2026-05-07 16:53:20,333 - RagService - INFO - file_handler.py:87 - [FileLoad] 加载成功: 利率费率规则.md (共 1 页/段)
2026-05-07 16:53:20,334 - RagService - INFO - file_handler.py:87 - [FileLoad] 加载成功: 授信额度规则2.md (共 1 页/段)
2026-05-07 16:53:20,334 - RagService - INFO - file_handler.py:87 - [FileLoad] 加载成功: 逾期分级定义.md (共 1 页/段)
2026-05-07 16:53:20,334 - RagService - INFO - file_handler.py:87 - [FileLoad] 加载成功: 催收管理规则.md (共 1 页/段)
2026-05-07 16:53:20,334 - RagService - INFO - file_handler.py:87 - [FileLoad] 加载成功: 罚息与减免政策.md (共 1 页/段)
2026-05-07 16:53:20,335 - RagService - INFO - file_handler.py:87 - [FileLoad] 加载成功: 风控准入规则.md (共 1 页/段)
2026-05-07 16:53:20,335 - RagService - INFO - file_handler.py:87 - [FileLoad] 加载成功: 反欺诈规则.md (共 1 页/段)
2026-05-07 16:53:20,335 - RagService - INFO - file_handler.py:87 - [FileLoad] 加载成功: 合规监管规则.md (共 1 页/段)
2026-05-07 16:53:20,335 - RagService - INFO - file_handler.py:125 - [ExactDedup] 精确去重完成：12 -> 12
2026-05-07 16:53:20,700 - RagService - INFO - file_handler.py:158 - [SemanticDedup] 开始语义去重，阈值=0.92 (Cosine Similarity)
2026-05-07 16:53:37,718 - RagService - INFO - file_handler.py:193 - [SemanticDedup] 语义去重完成！保留 11 / 12 个
